<?xml version="1.0" encoding="UTF-8"?>
<testng-results ignored="0" total="1" passed="1" failed="0" skipped="0">
  <reporter-output>
  </reporter-output>
  <suite started-at="2023-04-29T12:46:52 IST" name="Default suite" finished-at="2023-04-29T12:46:52 IST" duration-ms="57">
    <groups>
    </groups>
    <test started-at="2023-04-29T12:46:52 IST" name="Default test" finished-at="2023-04-29T12:46:52 IST" duration-ms="57">
      <class name="Action_Clas.dep_class">
        <test-method signature="test()[pri:0, instance:Action_Clas.dep_class@68c72235]" started-at="2023-04-29T12:46:52 IST" name="test" finished-at="2023-04-29T12:46:52 IST" duration-ms="10" status="PASS">
          <reporter-output>
          </reporter-output>
        </test-method> <!-- test -->
      </class> <!-- Action_Clas.dep_class -->
    </test> <!-- Default test -->
  </suite> <!-- Default suite -->
</testng-results>
