<?xml version="1.0" encoding="UTF-8"?>
<!-- Generated by org.testng.reporters.JUnitXMLReporter -->
<testsuite ignored="0" hostname="DESKTOP-FNCJLSJ" failures="0" tests="3" name="Test" time="9.02" errors="0" timestamp="2023-03-01T13:22:10 IST">
  <testcase classname="parallelTesting.RunBrowser" name="chromeBrowser2" time="6.291"/>
  <testcase classname="parallelTesting.RunBrowser" name="chromeBrowser3" time="6.807"/>
  <testcase classname="parallelTesting.RunBrowser" name="chromeBrowser" time="8.94"/>
</testsuite> <!-- Test -->
